validation Layer: Copying old device 0 into new device 0
validation Layer: Copying old device 0 into new device 0
validation Layer: loader_create_device_chain: Using deprecated and ignored 'ppEnabledLayerNames' member of 'VkDeviceCreateInfo' when creating a Vulkan device.
validation Layer: vkUpdateDescriptorSets(): pDescriptorWrites[1].pImageInfo[0].imageView is VK_NULL_HANDLE, and descriptorType is VK_DESCRIPTOR_TYPE_COMBINED_IMAGE_SAMPLER.
The Vulkan spec states: If descriptorType is VK_DESCRIPTOR_TYPE_COMBINED_IMAGE_SAMPLER, VK_DESCRIPTOR_TYPE_SAMPLED_IMAGE, or VK_DESCRIPTOR_TYPE_STORAGE_IMAGE, and the nullDescriptor feature is not enabled, the imageView member of each element of pImageInfo must not be VK_NULL_HANDLE (https://docs.vulkan.org/spec/latest/chapters/descriptorsets.html#VUID-VkWriteDescriptorSet-descriptorType-02997)
validation Layer: vkUpdateDescriptorSets(): pDescriptorWrites[1].pImageInfo[0].imageView is VK_NULL_HANDLE, and descriptorType is VK_DESCRIPTOR_TYPE_COMBINED_IMAGE_SAMPLER.
The Vulkan spec states: If descriptorType is VK_DESCRIPTOR_TYPE_COMBINED_IMAGE_SAMPLER, VK_DESCRIPTOR_TYPE_SAMPLED_IMAGE, or VK_DESCRIPTOR_TYPE_STORAGE_IMAGE, and the nullDescriptor feature is not enabled, the imageView member of each element of pImageInfo must not be VK_NULL_HANDLE (https://docs.vulkan.org/spec/latest/chapters/descriptorsets.html#VUID-VkWriteDescriptorSet-descriptorType-02997)
validation Layer: vkCmdDrawIndexed(): the combined image sampler descriptor [VkDescriptorSet 0x2e000000002e, Set 0, Binding 1, Index 0, variable "texSampler"] is using imageView VkImageView 0x0 that is invalid or has been destroyed.
The Vulkan spec states: Descriptors in each bound descriptor set, specified via vkCmdBindDescriptorSets, must be valid if they are accessed as described by descriptor validity by the VkPipeline bound to the pipeline bind point used by this command and the bound VkPipeline was not created with VK_PIPELINE_CREATE_DESCRIPTOR_BUFFER_BIT_EXT (https://docs.vulkan.org/spec/latest/chapters/drawing.html#VUID-vkCmdDrawIndexed-None-08114)
validation Layer: vkCmdDrawIndexed(): the combined image sampler descriptor [VkDescriptorSet 0x2f000000002f, Set 0, Binding 1, Index 0, variable "texSampler"] is using imageView VkImageView 0x0 that is invalid or has been destroyed.
The Vulkan spec states: Descriptors in each bound descriptor set, specified via vkCmdBindDescriptorSets, must be valid if they are accessed as described by descriptor validity by the VkPipeline bound to the pipeline bind point used by this command and the bound VkPipeline was not created with VK_PIPELINE_CREATE_DESCRIPTOR_BUFFER_BIT_EXT (https://docs.vulkan.org/spec/latest/chapters/drawing.html#VUID-vkCmdDrawIndexed-None-08114)
validation Layer: vkCmdDrawIndexed(): the combined image sampler descriptor [VkDescriptorSet 0x2e000000002e, Set 0, Binding 1, Index 0, variable "texSampler"] is using imageView VkImageView 0x0 that is invalid or has been destroyed.
The Vulkan spec states: Descriptors in each bound descriptor set, specified via vkCmdBindDescriptorSets, must be valid if they are accessed as described by descriptor validity by the VkPipeline bound to the pipeline bind point used by this command and the bound VkPipeline was not created with VK_PIPELINE_CREATE_DESCRIPTOR_BUFFER_BIT_EXT (https://docs.vulkan.org/spec/latest/chapters/drawing.html#VUID-vkCmdDrawIndexed-None-08114)
validation Layer: vkQueueSubmit(): pSubmits[0].pSignalSemaphores[0] (VkSemaphore 0x210000000021) is being signaled by VkQueue 0x55f024968240, but it may still be in use by VkSwapchainKHR 0x30000000003.
Most recently acquired image indices: [3], 2, 1.
(Brackets mark the last use of VkSemaphore 0x210000000021 in a presentation operation.)
Swapchain image 3 was presented but was not re-acquired, so VkSemaphore 0x210000000021 may still be in use and cannot be safely reused with image index 1.
Vulkan insight: See https://docs.vulkan.org/guide/latest/swapchain_semaphore_reuse.html for details on swapchain semaphore reuse. Examples of possible approaches:
   a) Use a separate semaphore per swapchain image. Index these semaphores using the index of the acquired image.
   b) Consider the VK_KHR_swapchain_maintenance1 extension. It allows using a VkFence with the presentation operation.
The Vulkan spec states: Each binary semaphore element of the pSignalSemaphores member of any element of pSubmits must be unsignaled when the semaphore signal operation it defines is executed on the device (https://docs.vulkan.org/spec/latest/chapters/cmdbuffers.html#VUID-vkQueueSubmit-pSignalSemaphores-00067)
validation Layer: vkCmdDrawIndexed(): the combined image sampler descriptor [VkDescriptorSet 0x2f000000002f, Set 0, Binding 1, Index 0, variable "texSampler"] is using imageView VkImageView 0x0 that is invalid or has been destroyed.
The Vulkan spec states: Descriptors in each bound descriptor set, specified via vkCmdBindDescriptorSets, must be valid if they are accessed as described by descriptor validity by the VkPipeline bound to the pipeline bind point used by this command and the bound VkPipeline was not created with VK_PIPELINE_CREATE_DESCRIPTOR_BUFFER_BIT_EXT (https://docs.vulkan.org/spec/latest/chapters/drawing.html#VUID-vkCmdDrawIndexed-None-08114)
validation Layer: vkQueueSubmit(): pSubmits[0].pSignalSemaphores[0] (VkSemaphore 0x240000000024) is being signaled by VkQueue 0x55f024968240, but it may still be in use by VkSwapchainKHR 0x30000000003.
Most recently acquired image indices: 3, [2], 1, 0.
(Brackets mark the last use of VkSemaphore 0x240000000024 in a presentation operation.)
Swapchain image 2 was presented but was not re-acquired, so VkSemaphore 0x240000000024 may still be in use and cannot be safely reused with image index 0.
Vulkan insight: See https://docs.vulkan.org/guide/latest/swapchain_semaphore_reuse.html for details on swapchain semaphore reuse. Examples of possible approaches:
   a) Use a separate semaphore per swapchain image. Index these semaphores using the index of the acquired image.
   b) Consider the VK_KHR_swapchain_maintenance1 extension. It allows using a VkFence with the presentation operation.
The Vulkan spec states: Each binary semaphore element of the pSignalSemaphores member of any element of pSubmits must be unsignaled when the semaphore signal operation it defines is executed on the device (https://docs.vulkan.org/spec/latest/chapters/cmdbuffers.html#VUID-vkQueueSubmit-pSignalSemaphores-00067)
validation Layer: vkCmdDrawIndexed(): the combined image sampler descriptor [VkDescriptorSet 0x2e000000002e, Set 0, Binding 1, Index 0, variable "texSampler"] is using imageView VkImageView 0x0 that is invalid or has been destroyed.
The Vulkan spec states: Descriptors in each bound descriptor set, specified via vkCmdBindDescriptorSets, must be valid if they are accessed as described by descriptor validity by the VkPipeline bound to the pipeline bind point used by this command and the bound VkPipeline was not created with VK_PIPELINE_CREATE_DESCRIPTOR_BUFFER_BIT_EXT (https://docs.vulkan.org/spec/latest/chapters/drawing.html#VUID-vkCmdDrawIndexed-None-08114)
validation Layer: vkCmdDrawIndexed(): the combined image sampler descriptor [VkDescriptorSet 0x2f000000002f, Set 0, Binding 1, Index 0, variable "texSampler"] is using imageView VkImageView 0x0 that is invalid or has been destroyed.
The Vulkan spec states: Descriptors in each bound descriptor set, specified via vkCmdBindDescriptorSets, must be valid if they are accessed as described by descriptor validity by the VkPipeline bound to the pipeline bind point used by this command and the bound VkPipeline was not created with VK_PIPELINE_CREATE_DESCRIPTOR_BUFFER_BIT_EXT (https://docs.vulkan.org/spec/latest/chapters/drawing.html#VUID-vkCmdDrawIndexed-None-08114)
validation Layer: vkCmdDrawIndexed(): the combined image sampler descriptor [VkDescriptorSet 0x2e000000002e, Set 0, Binding 1, Index 0, variable "texSampler"] is using imageView VkImageView 0x0 that is invalid or has been destroyed.
The Vulkan spec states: Descriptors in each bound descriptor set, specified via vkCmdBindDescriptorSets, must be valid if they are accessed as described by descriptor validity by the VkPipeline bound to the pipeline bind point used by this command and the bound VkPipeline was not created with VK_PIPELINE_CREATE_DESCRIPTOR_BUFFER_BIT_EXT (https://docs.vulkan.org/spec/latest/chapters/drawing.html#VUID-vkCmdDrawIndexed-None-08114)
validation Layer: vkCmdDrawIndexed(): the combined image sampler descriptor [VkDescriptorSet 0x2f000000002f, Set 0, Binding 1, Index 0, variable "texSampler"] is using imageView VkImageView 0x0 that is invalid or has been destroyed.
The Vulkan spec states: Descriptors in each bound descriptor set, specified via vkCmdBindDescriptorSets, must be valid if they are accessed as described by descriptor validity by the VkPipeline bound to the pipeline bind point used by this command and the bound VkPipeline was not created with VK_PIPELINE_CREATE_DESCRIPTOR_BUFFER_BIT_EXT (https://docs.vulkan.org/spec/latest/chapters/drawing.html#VUID-vkCmdDrawIndexed-None-08114)
validation Layer: vkQueueSubmit(): pSubmits[0].pSignalSemaphores[0] (VkSemaphore 0x240000000024) is being signaled by VkQueue 0x55f024968240, but it may still be in use by VkSwapchainKHR 0x300000000030.
Most recently acquired image indices: [3], 2, 1.
(Brackets mark the last use of VkSemaphore 0x240000000024 in a presentation operation.)
Swapchain image 3 was presented but was not re-acquired, so VkSemaphore 0x240000000024 may still be in use and cannot be safely reused with image index 1.
Vulkan insight: See https://docs.vulkan.org/guide/latest/swapchain_semaphore_reuse.html for details on swapchain semaphore reuse. Examples of possible approaches:
   a) Use a separate semaphore per swapchain image. Index these semaphores using the index of the acquired image.
   b) Consider the VK_KHR_swapchain_maintenance1 extension. It allows using a VkFence with the presentation operation.
The Vulkan spec states: Each binary semaphore element of the pSignalSemaphores member of any element of pSubmits must be unsignaled when the semaphore signal operation it defines is executed on the device (https://docs.vulkan.org/spec/latest/chapters/cmdbuffers.html#VUID-vkQueueSubmit-pSignalSemaphores-00067)
validation Layer: vkCmdDrawIndexed(): the combined image sampler descriptor [VkDescriptorSet 0x2e000000002e, Set 0, Binding 1, Index 0, variable "texSampler"] is using imageView VkImageView 0x0 that is invalid or has been destroyed.
The Vulkan spec states: Descriptors in each bound descriptor set, specified via vkCmdBindDescriptorSets, must be valid if they are accessed as described by descriptor validity by the VkPipeline bound to the pipeline bind point used by this command and the bound VkPipeline was not created with VK_PIPELINE_CREATE_DESCRIPTOR_BUFFER_BIT_EXT (https://docs.vulkan.org/spec/latest/chapters/drawing.html#VUID-vkCmdDrawIndexed-None-08114)
validation Layer: vkQueueSubmit(): pSubmits[0].pSignalSemaphores[0] (VkSemaphore 0x210000000021) is being signaled by VkQueue 0x55f024968240, but it may still be in use by VkSwapchainKHR 0x300000000030.
Most recently acquired image indices: 3, [2], 1, 0.
(Brackets mark the last use of VkSemaphore 0x210000000021 in a presentation operation.)
Swapchain image 2 was presented but was not re-acquired, so VkSemaphore 0x210000000021 may still be in use and cannot be safely reused with image index 0.
Vulkan insight: See https://docs.vulkan.org/guide/latest/swapchain_semaphore_reuse.html for details on swapchain semaphore reuse. Examples of possible approaches:
   a) Use a separate semaphore per swapchain image. Index these semaphores using the index of the acquired image.
   b) Consider the VK_KHR_swapchain_maintenance1 extension. It allows using a VkFence with the presentation operation.
The Vulkan spec states: Each binary semaphore element of the pSignalSemaphores member of any element of pSubmits must be unsignaled when the semaphore signal operation it defines is executed on the device (https://docs.vulkan.org/spec/latest/chapters/cmdbuffers.html#VUID-vkQueueSubmit-pSignalSemaphores-00067)
validation Layer: (Warning - This VUID has now been reported 10 times, which is the duplicate_message_limit value, this will be the last time reporting it).
vkCmdDrawIndexed(): the combined image sampler descriptor [VkDescriptorSet 0x2f000000002f, Set 0, Binding 1, Index 0, variable "texSampler"] is using imageView VkImageView 0x0 that is invalid or has been destroyed.
The Vulkan spec states: Descriptors in each bound descriptor set, specified via vkCmdBindDescriptorSets, must be valid if they are accessed as described by descriptor validity by the VkPipeline bound to the pipeline bind point used by this command and the bound VkPipeline was not created with VK_PIPELINE_CREATE_DESCRIPTOR_BUFFER_BIT_EXT (https://docs.vulkan.org/spec/latest/chapters/drawing.html#VUID-vkCmdDrawIndexed-None-08114)
validation Layer: vkQueueSubmit(): pSubmits[0].pSignalSemaphores[0] (VkSemaphore 0x240000000024) is being signaled by VkQueue 0x55f024968240, but it may still be in use by VkSwapchainKHR 0x300000000030.
Most recently acquired image indices: 3, 2, [1], 0, 2.
(Brackets mark the last use of VkSemaphore 0x240000000024 in a presentation operation.)
Swapchain image 1 was presented but was not re-acquired, so VkSemaphore 0x240000000024 may still be in use and cannot be safely reused with image index 2.
Vulkan insight: See https://docs.vulkan.org/guide/latest/swapchain_semaphore_reuse.html for details on swapchain semaphore reuse. Examples of possible approaches:
   a) Use a separate semaphore per swapchain image. Index these semaphores using the index of the acquired image.
   b) Consider the VK_KHR_swapchain_maintenance1 extension. It allows using a VkFence with the presentation operation.
The Vulkan spec states: Each binary semaphore element of the pSignalSemaphores member of any element of pSubmits must be unsignaled when the semaphore signal operation it defines is executed on the device (https://docs.vulkan.org/spec/latest/chapters/cmdbuffers.html#VUID-vkQueueSubmit-pSignalSemaphores-00067)
validation Layer: vkDestroyDevice(): Object Tracking - For VkDevice 0x55f0247e8390, VkBuffer 0x280000000028 has not been destroyed.
The Vulkan spec states: All child objects created on device that can be destroyed or freed must have been destroyed or freed prior to destroying device (https://docs.vulkan.org/spec/latest/chapters/devsandqueues.html#VUID-vkDestroyDevice-device-05137)
validation Layer: vkDestroyDevice(): Object Tracking - For VkDevice 0x55f0247e8390, VkBuffer 0x2c000000002c has not been destroyed.
The Vulkan spec states: All child objects created on device that can be destroyed or freed must have been destroyed or freed prior to destroying device (https://docs.vulkan.org/spec/latest/chapters/devsandqueues.html#VUID-vkDestroyDevice-device-05137)
validation Layer: vkDestroyDevice(): Object Tracking - For VkDevice 0x55f0247e8390, VkDeviceMemory 0x290000000029 has not been destroyed.
The Vulkan spec states: All child objects created on device that can be destroyed or freed must have been destroyed or freed prior to destroying device (https://docs.vulkan.org/spec/latest/chapters/devsandqueues.html#VUID-vkDestroyDevice-device-05137)
validation Layer: vkDestroyDevice(): Object Tracking - For VkDevice 0x55f0247e8390, VkDeviceMemory 0x2d000000002d has not been destroyed.
The Vulkan spec states: All child objects created on device that can be destroyed or freed must have been destroyed or freed prior to destroying device (https://docs.vulkan.org/spec/latest/chapters/devsandqueues.html#VUID-vkDestroyDevice-device-05137)
